<?xml version="1.0" encoding="UTF-8"?>
<testsuite xmlns:xsi="http://www.w3.org/2001/XMLSchema-instance" xsi:noNamespaceSchemaLocation="https://maven.apache.org/surefire/maven-surefire-plugin/xsd/surefire-test-report.xsd" name="com.smartcloud.gate.ApiGatewayApplicationTests" time="9.474" tests="1" errors="0" skipped="0" failures="0">
  <properties>
    <property name="sun.desktop" value="windows"/>
    <property name="awt.toolkit" value="sun.awt.windows.WToolkit"/>
    <property name="file.encoding.pkg" value="sun.io"/>
    <property name="java.specification.version" value="1.8"/>
    <property name="sun.cpu.isalist" value="amd64"/>
    <property name="sun.jnu.encoding" value="GBK"/>
    <property name="java.class.path" value="D:\IdeaProjects\open-smartcloud\api-gateway\target\test-classes;D:\IdeaProjects\open-smartcloud\api-gateway\target\classes;D:\Java\maven\repo\org\springframework\cloud\spring-cloud-starter-netflix-zuul\2.0.0.RELEASE\spring-cloud-starter-netflix-zuul-2.0.0.RELEASE.jar;D:\Java\maven\repo\org\springframework\cloud\spring-cloud-netflix-zuul\2.0.0.RELEASE\spring-cloud-netflix-zuul-2.0.0.RELEASE.jar;D:\Java\maven\repo\org\apache\httpcomponents\httpclient\4.5.6\httpclient-4.5.6.jar;D:\Java\maven\repo\org\apache\httpcomponents\httpcore\4.4.10\httpcore-4.4.10.jar;D:\Java\maven\repo\commons-codec\commons-codec\1.11\commons-codec-1.11.jar;D:\Java\maven\repo\com\netflix\netflix-commons\netflix-commons-util\0.3.0\netflix-commons-util-0.3.0.jar;D:\Java\maven\repo\javax\inject\javax.inject\1\javax.inject-1.jar;D:\Java\maven\repo\org\springframework\cloud\spring-cloud-starter\2.0.0.RELEASE\spring-cloud-starter-2.0.0.RELEASE.jar;D:\Java\maven\repo\org\springframework\cloud\spring-cloud-context\2.0.0.RELEASE\spring-cloud-context-2.0.0.RELEASE.jar;D:\Java\maven\repo\org\springframework\security\spring-security-crypto\5.0.8.RELEASE\spring-security-crypto-5.0.8.RELEASE.jar;D:\Java\maven\repo\org\springframework\cloud\spring-cloud-commons\2.0.0.RELEASE\spring-cloud-commons-2.0.0.RELEASE.jar;D:\Java\maven\repo\org\springframework\security\spring-security-rsa\1.0.5.RELEASE\spring-security-rsa-1.0.5.RELEASE.jar;D:\Java\maven\repo\org\bouncycastle\bcpkix-jdk15on\1.59\bcpkix-jdk15on-1.59.jar;D:\Java\maven\repo\org\bouncycastle\bcprov-jdk15on\1.59\bcprov-jdk15on-1.59.jar;D:\Java\maven\repo\org\springframework\boot\spring-boot-starter-actuator\2.0.5.RELEASE\spring-boot-starter-actuator-2.0.5.RELEASE.jar;D:\Java\maven\repo\org\springframework\boot\spring-boot-actuator-autoconfigure\2.0.5.RELEASE\spring-boot-actuator-autoconfigure-2.0.5.RELEASE.jar;D:\Java\maven\repo\org\springframework\boot\spring-boot-actuator\2.0.5.RELEASE\spring-boot-actuator-2.0.5.RELEASE.jar;D:\Java\maven\repo\io\micrometer\micrometer-core\1.0.6\micrometer-core-1.0.6.jar;D:\Java\maven\repo\org\hdrhistogram\HdrHistogram\2.1.10\HdrHistogram-2.1.10.jar;D:\Java\maven\repo\org\latencyutils\LatencyUtils\2.0.3\LatencyUtils-2.0.3.jar;D:\Java\maven\repo\org\springframework\cloud\spring-cloud-starter-netflix-hystrix\2.0.0.RELEASE\spring-cloud-starter-netflix-hystrix-2.0.0.RELEASE.jar;D:\Java\maven\repo\org\springframework\cloud\spring-cloud-netflix-ribbon\2.0.0.RELEASE\spring-cloud-netflix-ribbon-2.0.0.RELEASE.jar;D:\Java\maven\repo\com\netflix\hystrix\hystrix-core\1.5.12\hystrix-core-1.5.12.jar;D:\Java\maven\repo\com\netflix\hystrix\hystrix-serialization\1.5.12\hystrix-serialization-1.5.12.jar;D:\Java\maven\repo\com\fasterxml\jackson\module\jackson-module-afterburner\2.9.6\jackson-module-afterburner-2.9.6.jar;D:\Java\maven\repo\com\netflix\hystrix\hystrix-metrics-event-stream\1.5.12\hystrix-metrics-event-stream-1.5.12.jar;D:\Java\maven\repo\com\netflix\hystrix\hystrix-javanica\1.5.12\hystrix-javanica-1.5.12.jar;D:\Java\maven\repo\org\apache\commons\commons-lang3\3.7\commons-lang3-3.7.jar;D:\Java\maven\repo\org\ow2\asm\asm\5.0.4\asm-5.0.4.jar;D:\Java\maven\repo\org\aspectj\aspectjweaver\1.8.13\aspectjweaver-1.8.13.jar;D:\Java\maven\repo\io\reactivex\rxjava-reactive-streams\1.2.1\rxjava-reactive-streams-1.2.1.jar;D:\Java\maven\repo\org\reactivestreams\reactive-streams\1.0.2\reactive-streams-1.0.2.jar;D:\Java\maven\repo\org\springframework\cloud\spring-cloud-starter-netflix-ribbon\2.0.0.RELEASE\spring-cloud-starter-netflix-ribbon-2.0.0.RELEASE.jar;D:\Java\maven\repo\com\netflix\ribbon\ribbon\2.2.5\ribbon-2.2.5.jar;D:\Java\maven\repo\com\netflix\ribbon\ribbon-transport\2.2.5\ribbon-transport-2.2.5.jar;D:\Java\maven\repo\io\reactivex\rxnetty-contexts\0.4.9\rxnetty-contexts-0.4.9.jar;D:\Java\maven\repo\io\reactivex\rxnetty-servo\0.4.9\rxnetty-servo-0.4.9.jar;D:\Java\maven\repo\io\reactivex\rxnetty\0.4.9\rxnetty-0.4.9.jar;D:\Java\maven\repo\io\netty\netty-codec-http\4.1.29.Final\netty-codec-http-4.1.29.Final.jar;D:\Java\maven\repo\io\netty\netty-transport-native-epoll\4.1.29.Final\netty-transport-native-epoll-4.1.29.Final.jar;D:\Java\maven\repo\io\netty\netty-transport-native-unix-common\4.1.29.Final\netty-transport-native-unix-common-4.1.29.Final.jar;D:\Java\maven\repo\com\netflix\ribbon\ribbon-core\2.2.5\ribbon-core-2.2.5.jar;D:\Java\maven\repo\commons-lang\commons-lang\2.6\commons-lang-2.6.jar;D:\Java\maven\repo\com\netflix\ribbon\ribbon-httpclient\2.2.5\ribbon-httpclient-2.2.5.jar;D:\Java\maven\repo\commons-collections\commons-collections\3.2.2\commons-collections-3.2.2.jar;D:\Java\maven\repo\com\netflix\ribbon\ribbon-loadbalancer\2.2.5\ribbon-loadbalancer-2.2.5.jar;D:\Java\maven\repo\com\netflix\netflix-commons\netflix-statistics\0.1.1\netflix-statistics-0.1.1.jar;D:\Java\maven\repo\io\reactivex\rxjava\1.3.8\rxjava-1.3.8.jar;D:\Java\maven\repo\org\springframework\cloud\spring-cloud-starter-netflix-archaius\2.0.0.RELEASE\spring-cloud-starter-netflix-archaius-2.0.0.RELEASE.jar;D:\Java\maven\repo\org\springframework\cloud\spring-cloud-netflix-archaius\2.0.0.RELEASE\spring-cloud-netflix-archaius-2.0.0.RELEASE.jar;D:\Java\maven\repo\com\netflix\archaius\archaius-core\0.7.6\archaius-core-0.7.6.jar;D:\Java\maven\repo\com\google\code\findbugs\jsr305\3.0.2\jsr305-3.0.2.jar;D:\Java\maven\repo\commons-configuration\commons-configuration\1.8\commons-configuration-1.8.jar;D:\Java\maven\repo\com\netflix\zuul\zuul-core\1.3.1\zuul-core-1.3.1.jar;D:\Java\maven\repo\commons-io\commons-io\2.6\commons-io-2.6.jar;D:\Java\maven\repo\com\netflix\servo\servo-core\0.12.21\servo-core-0.12.21.jar;D:\Java\maven\repo\org\springframework\cloud\spring-cloud-starter-netflix-eureka-client\2.0.0.RELEASE\spring-cloud-starter-netflix-eureka-client-2.0.0.RELEASE.jar;D:\Java\maven\repo\org\springframework\cloud\spring-cloud-netflix-core\2.0.0.RELEASE\spring-cloud-netflix-core-2.0.0.RELEASE.jar;D:\Java\maven\repo\org\springframework\boot\spring-boot-starter-aop\2.0.5.RELEASE\spring-boot-starter-aop-2.0.5.RELEASE.jar;D:\Java\maven\repo\com\netflix\eureka\eureka-client\1.9.2\eureka-client-1.9.2.jar;D:\Java\maven\repo\org\codehaus\jettison\jettison\1.2\jettison-1.2.jar;D:\Java\maven\repo\stax\stax-api\1.0.1\stax-api-1.0.1.jar;D:\Java\maven\repo\com\netflix\netflix-commons\netflix-eventbus\0.3.0\netflix-eventbus-0.3.0.jar;D:\Java\maven\repo\com\netflix\netflix-commons\netflix-infix\0.3.0\netflix-infix-0.3.0.jar;D:\Java\maven\repo\commons-jxpath\commons-jxpath\1.3\commons-jxpath-1.3.jar;D:\Java\maven\repo\joda-time\joda-time\2.9.9\joda-time-2.9.9.jar;D:\Java\maven\repo\org\antlr\antlr-runtime\3.4\antlr-runtime-3.4.jar;D:\Java\maven\repo\org\antlr\stringtemplate\3.2.1\stringtemplate-3.2.1.jar;D:\Java\maven\repo\antlr\antlr\2.7.7\antlr-2.7.7.jar;D:\Java\maven\repo\com\google\code\gson\gson\2.8.5\gson-2.8.5.jar;D:\Java\maven\repo\org\apache\commons\commons-math\2.2\commons-math-2.2.jar;D:\Java\maven\repo\javax\ws\rs\jsr311-api\1.1.1\jsr311-api-1.1.1.jar;D:\Java\maven\repo\com\sun\jersey\jersey-core\1.19.1\jersey-core-1.19.1.jar;D:\Java\maven\repo\com\sun\jersey\jersey-client\1.19.1\jersey-client-1.19.1.jar;D:\Java\maven\repo\com\sun\jersey\contribs\jersey-apache-client4\1.19.1\jersey-apache-client4-1.19.1.jar;D:\Java\maven\repo\com\google\inject\guice\3.0\guice-3.0.jar;D:\Java\maven\repo\aopalliance\aopalliance\1.0\aopalliance-1.0.jar;D:\Java\maven\repo\com\github\vlsi\compactmap\compactmap\1.2.1\compactmap-1.2.1.jar;D:\Java\maven\repo\com\github\andrewoma\dexx\dexx-collections\0.2\dexx-collections-0.2.jar;D:\Java\maven\repo\com\netflix\eureka\eureka-core\1.9.2\eureka-core-1.9.2.jar;D:\Java\maven\repo\org\codehaus\woodstox\woodstox-core-asl\4.4.1\woodstox-core-asl-4.4.1.jar;D:\Java\maven\repo\javax\xml\stream\stax-api\1.0-2\stax-api-1.0-2.jar;D:\Java\maven\repo\com\netflix\ribbon\ribbon-eureka\2.2.5\ribbon-eureka-2.2.5.jar;D:\Java\maven\repo\com\thoughtworks\xstream\xstream\1.4.10\xstream-1.4.10.jar;D:\Java\maven\repo\xmlpull\xmlpull\1.1.3.1\xmlpull-1.1.3.1.jar;D:\Java\maven\repo\xpp3\xpp3_min\1.1.4c\xpp3_min-1.1.4c.jar;D:\Java\maven\repo\org\springframework\boot\spring-boot-devtools\2.0.5.RELEASE\spring-boot-devtools-2.0.5.RELEASE.jar;D:\Java\maven\repo\org\springframework\boot\spring-boot\2.0.5.RELEASE\spring-boot-2.0.5.RELEASE.jar;D:\Java\maven\repo\org\springframework\spring-context\5.0.9.RELEASE\spring-context-5.0.9.RELEASE.jar;D:\Java\maven\repo\org\springframework\boot\spring-boot-autoconfigure\2.0.5.RELEASE\spring-boot-autoconfigure-2.0.5.RELEASE.jar;D:\Java\maven\repo\org\springframework\boot\spring-boot-starter-test\2.0.5.RELEASE\spring-boot-starter-test-2.0.5.RELEASE.jar;D:\Java\maven\repo\org\springframework\boot\spring-boot-starter\2.0.5.RELEASE\spring-boot-starter-2.0.5.RELEASE.jar;D:\Java\maven\repo\org\springframework\boot\spring-boot-starter-logging\2.0.5.RELEASE\spring-boot-starter-logging-2.0.5.RELEASE.jar;D:\Java\maven\repo\ch\qos\logback\logback-classic\1.2.3\logback-classic-1.2.3.jar;D:\Java\maven\repo\ch\qos\logback\logback-core\1.2.3\logback-core-1.2.3.jar;D:\Java\maven\repo\org\apache\logging\log4j\log4j-to-slf4j\2.10.0\log4j-to-slf4j-2.10.0.jar;D:\Java\maven\repo\org\apache\logging\log4j\log4j-api\2.10.0\log4j-api-2.10.0.jar;D:\Java\maven\repo\org\slf4j\jul-to-slf4j\1.7.25\jul-to-slf4j-1.7.25.jar;D:\Java\maven\repo\javax\annotation\javax.annotation-api\1.3.2\javax.annotation-api-1.3.2.jar;D:\Java\maven\repo\org\yaml\snakeyaml\1.19\snakeyaml-1.19.jar;D:\Java\maven\repo\org\springframework\boot\spring-boot-test\2.0.5.RELEASE\spring-boot-test-2.0.5.RELEASE.jar;D:\Java\maven\repo\org\springframework\boot\spring-boot-test-autoconfigure\2.0.5.RELEASE\spring-boot-test-autoconfigure-2.0.5.RELEASE.jar;D:\Java\maven\repo\com\jayway\jsonpath\json-path\2.4.0\json-path-2.4.0.jar;D:\Java\maven\repo\net\minidev\json-smart\2.3\json-smart-2.3.jar;D:\Java\maven\repo\net\minidev\accessors-smart\1.2\accessors-smart-1.2.jar;D:\Java\maven\repo\org\assertj\assertj-core\3.9.1\assertj-core-3.9.1.jar;D:\Java\maven\repo\org\mockito\mockito-core\2.15.0\mockito-core-2.15.0.jar;D:\Java\maven\repo\net\bytebuddy\byte-buddy\1.7.11\byte-buddy-1.7.11.jar;D:\Java\maven\repo\net\bytebuddy\byte-buddy-agent\1.7.11\byte-buddy-agent-1.7.11.jar;D:\Java\maven\repo\org\objenesis\objenesis\2.6\objenesis-2.6.jar;D:\Java\maven\repo\org\hamcrest\hamcrest-core\1.3\hamcrest-core-1.3.jar;D:\Java\maven\repo\org\hamcrest\hamcrest-library\1.3\hamcrest-library-1.3.jar;D:\Java\maven\repo\org\skyscreamer\jsonassert\1.5.0\jsonassert-1.5.0.jar;D:\Java\maven\repo\com\vaadin\external\google\android-json\0.0.20131108.vaadin1\android-json-0.0.20131108.vaadin1.jar;D:\Java\maven\repo\org\springframework\spring-core\5.0.9.RELEASE\spring-core-5.0.9.RELEASE.jar;D:\Java\maven\repo\org\springframework\spring-jcl\5.0.9.RELEASE\spring-jcl-5.0.9.RELEASE.jar;D:\Java\maven\repo\org\springframework\spring-test\5.0.9.RELEASE\spring-test-5.0.9.RELEASE.jar;D:\Java\maven\repo\org\xmlunit\xmlunit-core\2.5.1\xmlunit-core-2.5.1.jar;D:\Java\maven\repo\com\alibaba\druid\1.1.10\druid-1.1.10.jar;D:\Java\maven\repo\mysql\mysql-connector-java\6.0.6\mysql-connector-java-6.0.6.jar;D:\Java\maven\repo\org\springframework\boot\spring-boot-starter-data-redis\2.0.5.RELEASE\spring-boot-starter-data-redis-2.0.5.RELEASE.jar;D:\Java\maven\repo\org\springframework\data\spring-data-redis\2.0.10.RELEASE\spring-data-redis-2.0.10.RELEASE.jar;D:\Java\maven\repo\org\springframework\data\spring-data-keyvalue\2.0.10.RELEASE\spring-data-keyvalue-2.0.10.RELEASE.jar;D:\Java\maven\repo\org\springframework\data\spring-data-commons\2.0.10.RELEASE\spring-data-commons-2.0.10.RELEASE.jar;D:\Java\maven\repo\org\springframework\spring-tx\5.0.9.RELEASE\spring-tx-5.0.9.RELEASE.jar;D:\Java\maven\repo\org\springframework\spring-oxm\5.0.9.RELEASE\spring-oxm-5.0.9.RELEASE.jar;D:\Java\maven\repo\org\springframework\spring-aop\5.0.9.RELEASE\spring-aop-5.0.9.RELEASE.jar;D:\Java\maven\repo\org\springframework\spring-context-support\5.0.9.RELEASE\spring-context-support-5.0.9.RELEASE.jar;D:\Java\maven\repo\io\lettuce\lettuce-core\5.0.5.RELEASE\lettuce-core-5.0.5.RELEASE.jar;D:\Java\maven\repo\io\projectreactor\reactor-core\3.1.9.RELEASE\reactor-core-3.1.9.RELEASE.jar;D:\Java\maven\repo\io\netty\netty-common\4.1.29.Final\netty-common-4.1.29.Final.jar;D:\Java\maven\repo\io\netty\netty-transport\4.1.29.Final\netty-transport-4.1.29.Final.jar;D:\Java\maven\repo\io\netty\netty-buffer\4.1.29.Final\netty-buffer-4.1.29.Final.jar;D:\Java\maven\repo\io\netty\netty-resolver\4.1.29.Final\netty-resolver-4.1.29.Final.jar;D:\Java\maven\repo\io\netty\netty-handler\4.1.29.Final\netty-handler-4.1.29.Final.jar;D:\Java\maven\repo\io\netty\netty-codec\4.1.29.Final\netty-codec-4.1.29.Final.jar;D:\Java\maven\repo\com\fasterxml\jackson\dataformat\jackson-dataformat-xml\2.9.6\jackson-dataformat-xml-2.9.6.jar;D:\Java\maven\repo\com\fasterxml\jackson\core\jackson-core\2.9.6\jackson-core-2.9.6.jar;D:\Java\maven\repo\com\fasterxml\jackson\core\jackson-annotations\2.9.0\jackson-annotations-2.9.0.jar;D:\Java\maven\repo\com\fasterxml\jackson\core\jackson-databind\2.9.6\jackson-databind-2.9.6.jar;D:\Java\maven\repo\com\fasterxml\jackson\module\jackson-module-jaxb-annotations\2.9.6\jackson-module-jaxb-annotations-2.9.6.jar;D:\Java\maven\repo\org\codehaus\woodstox\stax2-api\3.1.4\stax2-api-3.1.4.jar;D:\Java\maven\repo\com\fasterxml\woodstox\woodstox-core\5.0.3\woodstox-core-5.0.3.jar;D:\Java\maven\repo\io\springfox\springfox-swagger2\2.8.0\springfox-swagger2-2.8.0.jar;D:\Java\maven\repo\io\swagger\swagger-annotations\1.5.14\swagger-annotations-1.5.14.jar;D:\Java\maven\repo\io\swagger\swagger-models\1.5.14\swagger-models-1.5.14.jar;D:\Java\maven\repo\io\springfox\springfox-spi\2.8.0\springfox-spi-2.8.0.jar;D:\Java\maven\repo\io\springfox\springfox-core\2.8.0\springfox-core-2.8.0.jar;D:\Java\maven\repo\io\springfox\springfox-schema\2.8.0\springfox-schema-2.8.0.jar;D:\Java\maven\repo\io\springfox\springfox-swagger-common\2.8.0\springfox-swagger-common-2.8.0.jar;D:\Java\maven\repo\io\springfox\springfox-spring-web\2.8.0\springfox-spring-web-2.8.0.jar;D:\Java\maven\repo\org\reflections\reflections\0.9.11\reflections-0.9.11.jar;D:\Java\maven\repo\org\javassist\javassist\3.21.0-GA\javassist-3.21.0-GA.jar;D:\Java\maven\repo\com\google\guava\guava\20.0\guava-20.0.jar;D:\Java\maven\repo\com\fasterxml\classmate\1.3.4\classmate-1.3.4.jar;D:\Java\maven\repo\org\slf4j\slf4j-api\1.7.25\slf4j-api-1.7.25.jar;D:\Java\maven\repo\org\springframework\plugin\spring-plugin-core\1.2.0.RELEASE\spring-plugin-core-1.2.0.RELEASE.jar;D:\Java\maven\repo\org\springframework\spring-beans\5.0.9.RELEASE\spring-beans-5.0.9.RELEASE.jar;D:\Java\maven\repo\org\springframework\plugin\spring-plugin-metadata\1.2.0.RELEASE\spring-plugin-metadata-1.2.0.RELEASE.jar;D:\Java\maven\repo\org\mapstruct\mapstruct\1.2.0.Final\mapstruct-1.2.0.Final.jar;D:\Java\maven\repo\io\springfox\springfox-swagger-ui\2.8.0\springfox-swagger-ui-2.8.0.jar;D:\Java\maven\repo\org\springframework\cloud\spring-cloud-netflix-eureka-client\2.0.0.RELEASE\spring-cloud-netflix-eureka-client-2.0.0.RELEASE.jar;D:\Java\maven\repo\org\projectlombok\lombok\1.16.18\lombok-1.16.18.jar;D:\Java\maven\repo\org\apache\commons\commons-collections4\4.1\commons-collections4-4.1.jar;D:\Java\maven\repo\com\alibaba\fastjson\1.2.39\fastjson-1.2.39.jar;D:\Java\maven\repo\junit\junit\4.12\junit-4.12.jar;D:\Java\maven\repo\org\springframework\boot\spring-boot-starter-web\2.0.5.RELEASE\spring-boot-starter-web-2.0.5.RELEASE.jar;D:\Java\maven\repo\org\springframework\boot\spring-boot-starter-json\2.0.5.RELEASE\spring-boot-starter-json-2.0.5.RELEASE.jar;D:\Java\maven\repo\com\fasterxml\jackson\datatype\jackson-datatype-jdk8\2.9.6\jackson-datatype-jdk8-2.9.6.jar;D:\Java\maven\repo\com\fasterxml\jackson\datatype\jackson-datatype-jsr310\2.9.6\jackson-datatype-jsr310-2.9.6.jar;D:\Java\maven\repo\com\fasterxml\jackson\module\jackson-module-parameter-names\2.9.6\jackson-module-parameter-names-2.9.6.jar;D:\Java\maven\repo\org\springframework\boot\spring-boot-starter-tomcat\2.0.5.RELEASE\spring-boot-starter-tomcat-2.0.5.RELEASE.jar;D:\Java\maven\repo\org\apache\tomcat\embed\tomcat-embed-core\8.5.34\tomcat-embed-core-8.5.34.jar;D:\Java\maven\repo\org\apache\tomcat\embed\tomcat-embed-el\8.5.34\tomcat-embed-el-8.5.34.jar;D:\Java\maven\repo\org\apache\tomcat\embed\tomcat-embed-websocket\8.5.34\tomcat-embed-websocket-8.5.34.jar;D:\Java\maven\repo\org\hibernate\validator\hibernate-validator\6.0.12.Final\hibernate-validator-6.0.12.Final.jar;D:\Java\maven\repo\javax\validation\validation-api\2.0.1.Final\validation-api-2.0.1.Final.jar;D:\Java\maven\repo\org\jboss\logging\jboss-logging\3.3.2.Final\jboss-logging-3.3.2.Final.jar;D:\Java\maven\repo\org\springframework\spring-web\5.0.9.RELEASE\spring-web-5.0.9.RELEASE.jar;D:\Java\maven\repo\org\springframework\spring-webmvc\5.0.9.RELEASE\spring-webmvc-5.0.9.RELEASE.jar;D:\Java\maven\repo\org\springframework\spring-expression\5.0.9.RELEASE\spring-expression-5.0.9.RELEASE.jar;"/>
    <property name="java.vm.vendor" value="Oracle Corporation"/>
    <property name="sun.arch.data.model" value="64"/>
    <property name="user.variant" value=""/>
    <property name="java.vendor.url" value="http://java.oracle.com/"/>
    <property name="user.timezone" value=""/>
    <property name="java.vm.specification.version" value="1.8"/>
    <property name="os.name" value="Windows 10"/>
    <property name="user.country" value="CN"/>
    <property name="sun.java.launcher" value="SUN_STANDARD"/>
    <property name="sun.boot.library.path" value="D:\Java\jdk1.8\jre\bin"/>
    <property name="sun.java.command" value="C:\Users\ADMINI~1\AppData\Local\Temp\surefire357717404565706612\surefirebooter4267606026299814989.jar C:\Users\Administrator\AppData\Local\Temp\surefire357717404565706612 2018-09-27T14-09-11_833-jvmRun1 surefire3730343916191001960tmp surefire_06894529335702697863tmp"/>
    <property name="surefire.test.class.path" value="D:\IdeaProjects\open-smartcloud\api-gateway\target\test-classes;D:\IdeaProjects\open-smartcloud\api-gateway\target\classes;D:\Java\maven\repo\org\springframework\cloud\spring-cloud-starter-netflix-zuul\2.0.0.RELEASE\spring-cloud-starter-netflix-zuul-2.0.0.RELEASE.jar;D:\Java\maven\repo\org\springframework\cloud\spring-cloud-netflix-zuul\2.0.0.RELEASE\spring-cloud-netflix-zuul-2.0.0.RELEASE.jar;D:\Java\maven\repo\org\apache\httpcomponents\httpclient\4.5.6\httpclient-4.5.6.jar;D:\Java\maven\repo\org\apache\httpcomponents\httpcore\4.4.10\httpcore-4.4.10.jar;D:\Java\maven\repo\commons-codec\commons-codec\1.11\commons-codec-1.11.jar;D:\Java\maven\repo\com\netflix\netflix-commons\netflix-commons-util\0.3.0\netflix-commons-util-0.3.0.jar;D:\Java\maven\repo\javax\inject\javax.inject\1\javax.inject-1.jar;D:\Java\maven\repo\org\springframework\cloud\spring-cloud-starter\2.0.0.RELEASE\spring-cloud-starter-2.0.0.RELEASE.jar;D:\Java\maven\repo\org\springframework\cloud\spring-cloud-context\2.0.0.RELEASE\spring-cloud-context-2.0.0.RELEASE.jar;D:\Java\maven\repo\org\springframework\security\spring-security-crypto\5.0.8.RELEASE\spring-security-crypto-5.0.8.RELEASE.jar;D:\Java\maven\repo\org\springframework\cloud\spring-cloud-commons\2.0.0.RELEASE\spring-cloud-commons-2.0.0.RELEASE.jar;D:\Java\maven\repo\org\springframework\security\spring-security-rsa\1.0.5.RELEASE\spring-security-rsa-1.0.5.RELEASE.jar;D:\Java\maven\repo\org\bouncycastle\bcpkix-jdk15on\1.59\bcpkix-jdk15on-1.59.jar;D:\Java\maven\repo\org\bouncycastle\bcprov-jdk15on\1.59\bcprov-jdk15on-1.59.jar;D:\Java\maven\repo\org\springframework\boot\spring-boot-starter-actuator\2.0.5.RELEASE\spring-boot-starter-actuator-2.0.5.RELEASE.jar;D:\Java\maven\repo\org\springframework\boot\spring-boot-actuator-autoconfigure\2.0.5.RELEASE\spring-boot-actuator-autoconfigure-2.0.5.RELEASE.jar;D:\Java\maven\repo\org\springframework\boot\spring-boot-actuator\2.0.5.RELEASE\spring-boot-actuator-2.0.5.RELEASE.jar;D:\Java\maven\repo\io\micrometer\micrometer-core\1.0.6\micrometer-core-1.0.6.jar;D:\Java\maven\repo\org\hdrhistogram\HdrHistogram\2.1.10\HdrHistogram-2.1.10.jar;D:\Java\maven\repo\org\latencyutils\LatencyUtils\2.0.3\LatencyUtils-2.0.3.jar;D:\Java\maven\repo\org\springframework\cloud\spring-cloud-starter-netflix-hystrix\2.0.0.RELEASE\spring-cloud-starter-netflix-hystrix-2.0.0.RELEASE.jar;D:\Java\maven\repo\org\springframework\cloud\spring-cloud-netflix-ribbon\2.0.0.RELEASE\spring-cloud-netflix-ribbon-2.0.0.RELEASE.jar;D:\Java\maven\repo\com\netflix\hystrix\hystrix-core\1.5.12\hystrix-core-1.5.12.jar;D:\Java\maven\repo\com\netflix\hystrix\hystrix-serialization\1.5.12\hystrix-serialization-1.5.12.jar;D:\Java\maven\repo\com\fasterxml\jackson\module\jackson-module-afterburner\2.9.6\jackson-module-afterburner-2.9.6.jar;D:\Java\maven\repo\com\netflix\hystrix\hystrix-metrics-event-stream\1.5.12\hystrix-metrics-event-stream-1.5.12.jar;D:\Java\maven\repo\com\netflix\hystrix\hystrix-javanica\1.5.12\hystrix-javanica-1.5.12.jar;D:\Java\maven\repo\org\apache\commons\commons-lang3\3.7\commons-lang3-3.7.jar;D:\Java\maven\repo\org\ow2\asm\asm\5.0.4\asm-5.0.4.jar;D:\Java\maven\repo\org\aspectj\aspectjweaver\1.8.13\aspectjweaver-1.8.13.jar;D:\Java\maven\repo\io\reactivex\rxjava-reactive-streams\1.2.1\rxjava-reactive-streams-1.2.1.jar;D:\Java\maven\repo\org\reactivestreams\reactive-streams\1.0.2\reactive-streams-1.0.2.jar;D:\Java\maven\repo\org\springframework\cloud\spring-cloud-starter-netflix-ribbon\2.0.0.RELEASE\spring-cloud-starter-netflix-ribbon-2.0.0.RELEASE.jar;D:\Java\maven\repo\com\netflix\ribbon\ribbon\2.2.5\ribbon-2.2.5.jar;D:\Java\maven\repo\com\netflix\ribbon\ribbon-transport\2.2.5\ribbon-transport-2.2.5.jar;D:\Java\maven\repo\io\reactivex\rxnetty-contexts\0.4.9\rxnetty-contexts-0.4.9.jar;D:\Java\maven\repo\io\reactivex\rxnetty-servo\0.4.9\rxnetty-servo-0.4.9.jar;D:\Java\maven\repo\io\reactivex\rxnetty\0.4.9\rxnetty-0.4.9.jar;D:\Java\maven\repo\io\netty\netty-codec-http\4.1.29.Final\netty-codec-http-4.1.29.Final.jar;D:\Java\maven\repo\io\netty\netty-transport-native-epoll\4.1.29.Final\netty-transport-native-epoll-4.1.29.Final.jar;D:\Java\maven\repo\io\netty\netty-transport-native-unix-common\4.1.29.Final\netty-transport-native-unix-common-4.1.29.Final.jar;D:\Java\maven\repo\com\netflix\ribbon\ribbon-core\2.2.5\ribbon-core-2.2.5.jar;D:\Java\maven\repo\commons-lang\commons-lang\2.6\commons-lang-2.6.jar;D:\Java\maven\repo\com\netflix\ribbon\ribbon-httpclient\2.2.5\ribbon-httpclient-2.2.5.jar;D:\Java\maven\repo\commons-collections\commons-collections\3.2.2\commons-collections-3.2.2.jar;D:\Java\maven\repo\com\netflix\ribbon\ribbon-loadbalancer\2.2.5\ribbon-loadbalancer-2.2.5.jar;D:\Java\maven\repo\com\netflix\netflix-commons\netflix-statistics\0.1.1\netflix-statistics-0.1.1.jar;D:\Java\maven\repo\io\reactivex\rxjava\1.3.8\rxjava-1.3.8.jar;D:\Java\maven\repo\org\springframework\cloud\spring-cloud-starter-netflix-archaius\2.0.0.RELEASE\spring-cloud-starter-netflix-archaius-2.0.0.RELEASE.jar;D:\Java\maven\repo\org\springframework\cloud\spring-cloud-netflix-archaius\2.0.0.RELEASE\spring-cloud-netflix-archaius-2.0.0.RELEASE.jar;D:\Java\maven\repo\com\netflix\archaius\archaius-core\0.7.6\archaius-core-0.7.6.jar;D:\Java\maven\repo\com\google\code\findbugs\jsr305\3.0.2\jsr305-3.0.2.jar;D:\Java\maven\repo\commons-configuration\commons-configuration\1.8\commons-configuration-1.8.jar;D:\Java\maven\repo\com\netflix\zuul\zuul-core\1.3.1\zuul-core-1.3.1.jar;D:\Java\maven\repo\commons-io\commons-io\2.6\commons-io-2.6.jar;D:\Java\maven\repo\com\netflix\servo\servo-core\0.12.21\servo-core-0.12.21.jar;D:\Java\maven\repo\org\springframework\cloud\spring-cloud-starter-netflix-eureka-client\2.0.0.RELEASE\spring-cloud-starter-netflix-eureka-client-2.0.0.RELEASE.jar;D:\Java\maven\repo\org\springframework\cloud\spring-cloud-netflix-core\2.0.0.RELEASE\spring-cloud-netflix-core-2.0.0.RELEASE.jar;D:\Java\maven\repo\org\springframework\boot\spring-boot-starter-aop\2.0.5.RELEASE\spring-boot-starter-aop-2.0.5.RELEASE.jar;D:\Java\maven\repo\com\netflix\eureka\eureka-client\1.9.2\eureka-client-1.9.2.jar;D:\Java\maven\repo\org\codehaus\jettison\jettison\1.2\jettison-1.2.jar;D:\Java\maven\repo\stax\stax-api\1.0.1\stax-api-1.0.1.jar;D:\Java\maven\repo\com\netflix\netflix-commons\netflix-eventbus\0.3.0\netflix-eventbus-0.3.0.jar;D:\Java\maven\repo\com\netflix\netflix-commons\netflix-infix\0.3.0\netflix-infix-0.3.0.jar;D:\Java\maven\repo\commons-jxpath\commons-jxpath\1.3\commons-jxpath-1.3.jar;D:\Java\maven\repo\joda-time\joda-time\2.9.9\joda-time-2.9.9.jar;D:\Java\maven\repo\org\antlr\antlr-runtime\3.4\antlr-runtime-3.4.jar;D:\Java\maven\repo\org\antlr\stringtemplate\3.2.1\stringtemplate-3.2.1.jar;D:\Java\maven\repo\antlr\antlr\2.7.7\antlr-2.7.7.jar;D:\Java\maven\repo\com\google\code\gson\gson\2.8.5\gson-2.8.5.jar;D:\Java\maven\repo\org\apache\commons\commons-math\2.2\commons-math-2.2.jar;D:\Java\maven\repo\javax\ws\rs\jsr311-api\1.1.1\jsr311-api-1.1.1.jar;D:\Java\maven\repo\com\sun\jersey\jersey-core\1.19.1\jersey-core-1.19.1.jar;D:\Java\maven\repo\com\sun\jersey\jersey-client\1.19.1\jersey-client-1.19.1.jar;D:\Java\maven\repo\com\sun\jersey\contribs\jersey-apache-client4\1.19.1\jersey-apache-client4-1.19.1.jar;D:\Java\maven\repo\com\google\inject\guice\3.0\guice-3.0.jar;D:\Java\maven\repo\aopalliance\aopalliance\1.0\aopalliance-1.0.jar;D:\Java\maven\repo\com\github\vlsi\compactmap\compactmap\1.2.1\compactmap-1.2.1.jar;D:\Java\maven\repo\com\github\andrewoma\dexx\dexx-collections\0.2\dexx-collections-0.2.jar;D:\Java\maven\repo\com\netflix\eureka\eureka-core\1.9.2\eureka-core-1.9.2.jar;D:\Java\maven\repo\org\codehaus\woodstox\woodstox-core-asl\4.4.1\woodstox-core-asl-4.4.1.jar;D:\Java\maven\repo\javax\xml\stream\stax-api\1.0-2\stax-api-1.0-2.jar;D:\Java\maven\repo\com\netflix\ribbon\ribbon-eureka\2.2.5\ribbon-eureka-2.2.5.jar;D:\Java\maven\repo\com\thoughtworks\xstream\xstream\1.4.10\xstream-1.4.10.jar;D:\Java\maven\repo\xmlpull\xmlpull\1.1.3.1\xmlpull-1.1.3.1.jar;D:\Java\maven\repo\xpp3\xpp3_min\1.1.4c\xpp3_min-1.1.4c.jar;D:\Java\maven\repo\org\springframework\boot\spring-boot-devtools\2.0.5.RELEASE\spring-boot-devtools-2.0.5.RELEASE.jar;D:\Java\maven\repo\org\springframework\boot\spring-boot\2.0.5.RELEASE\spring-boot-2.0.5.RELEASE.jar;D:\Java\maven\repo\org\springframework\spring-context\5.0.9.RELEASE\spring-context-5.0.9.RELEASE.jar;D:\Java\maven\repo\org\springframework\boot\spring-boot-autoconfigure\2.0.5.RELEASE\spring-boot-autoconfigure-2.0.5.RELEASE.jar;D:\Java\maven\repo\org\springframework\boot\spring-boot-starter-test\2.0.5.RELEASE\spring-boot-starter-test-2.0.5.RELEASE.jar;D:\Java\maven\repo\org\springframework\boot\spring-boot-starter\2.0.5.RELEASE\spring-boot-starter-2.0.5.RELEASE.jar;D:\Java\maven\repo\org\springframework\boot\spring-boot-starter-logging\2.0.5.RELEASE\spring-boot-starter-logging-2.0.5.RELEASE.jar;D:\Java\maven\repo\ch\qos\logback\logback-classic\1.2.3\logback-classic-1.2.3.jar;D:\Java\maven\repo\ch\qos\logback\logback-core\1.2.3\logback-core-1.2.3.jar;D:\Java\maven\repo\org\apache\logging\log4j\log4j-to-slf4j\2.10.0\log4j-to-slf4j-2.10.0.jar;D:\Java\maven\repo\org\apache\logging\log4j\log4j-api\2.10.0\log4j-api-2.10.0.jar;D:\Java\maven\repo\org\slf4j\jul-to-slf4j\1.7.25\jul-to-slf4j-1.7.25.jar;D:\Java\maven\repo\javax\annotation\javax.annotation-api\1.3.2\javax.annotation-api-1.3.2.jar;D:\Java\maven\repo\org\yaml\snakeyaml\1.19\snakeyaml-1.19.jar;D:\Java\maven\repo\org\springframework\boot\spring-boot-test\2.0.5.RELEASE\spring-boot-test-2.0.5.RELEASE.jar;D:\Java\maven\repo\org\springframework\boot\spring-boot-test-autoconfigure\2.0.5.RELEASE\spring-boot-test-autoconfigure-2.0.5.RELEASE.jar;D:\Java\maven\repo\com\jayway\jsonpath\json-path\2.4.0\json-path-2.4.0.jar;D:\Java\maven\repo\net\minidev\json-smart\2.3\json-smart-2.3.jar;D:\Java\maven\repo\net\minidev\accessors-smart\1.2\accessors-smart-1.2.jar;D:\Java\maven\repo\org\assertj\assertj-core\3.9.1\assertj-core-3.9.1.jar;D:\Java\maven\repo\org\mockito\mockito-core\2.15.0\mockito-core-2.15.0.jar;D:\Java\maven\repo\net\bytebuddy\byte-buddy\1.7.11\byte-buddy-1.7.11.jar;D:\Java\maven\repo\net\bytebuddy\byte-buddy-agent\1.7.11\byte-buddy-agent-1.7.11.jar;D:\Java\maven\repo\org\objenesis\objenesis\2.6\objenesis-2.6.jar;D:\Java\maven\repo\org\hamcrest\hamcrest-core\1.3\hamcrest-core-1.3.jar;D:\Java\maven\repo\org\hamcrest\hamcrest-library\1.3\hamcrest-library-1.3.jar;D:\Java\maven\repo\org\skyscreamer\jsonassert\1.5.0\jsonassert-1.5.0.jar;D:\Java\maven\repo\com\vaadin\external\google\android-json\0.0.20131108.vaadin1\android-json-0.0.20131108.vaadin1.jar;D:\Java\maven\repo\org\springframework\spring-core\5.0.9.RELEASE\spring-core-5.0.9.RELEASE.jar;D:\Java\maven\repo\org\springframework\spring-jcl\5.0.9.RELEASE\spring-jcl-5.0.9.RELEASE.jar;D:\Java\maven\repo\org\springframework\spring-test\5.0.9.RELEASE\spring-test-5.0.9.RELEASE.jar;D:\Java\maven\repo\org\xmlunit\xmlunit-core\2.5.1\xmlunit-core-2.5.1.jar;D:\Java\maven\repo\com\alibaba\druid\1.1.10\druid-1.1.10.jar;D:\Java\maven\repo\mysql\mysql-connector-java\6.0.6\mysql-connector-java-6.0.6.jar;D:\Java\maven\repo\org\springframework\boot\spring-boot-starter-data-redis\2.0.5.RELEASE\spring-boot-starter-data-redis-2.0.5.RELEASE.jar;D:\Java\maven\repo\org\springframework\data\spring-data-redis\2.0.10.RELEASE\spring-data-redis-2.0.10.RELEASE.jar;D:\Java\maven\repo\org\springframework\data\spring-data-keyvalue\2.0.10.RELEASE\spring-data-keyvalue-2.0.10.RELEASE.jar;D:\Java\maven\repo\org\springframework\data\spring-data-commons\2.0.10.RELEASE\spring-data-commons-2.0.10.RELEASE.jar;D:\Java\maven\repo\org\springframework\spring-tx\5.0.9.RELEASE\spring-tx-5.0.9.RELEASE.jar;D:\Java\maven\repo\org\springframework\spring-oxm\5.0.9.RELEASE\spring-oxm-5.0.9.RELEASE.jar;D:\Java\maven\repo\org\springframework\spring-aop\5.0.9.RELEASE\spring-aop-5.0.9.RELEASE.jar;D:\Java\maven\repo\org\springframework\spring-context-support\5.0.9.RELEASE\spring-context-support-5.0.9.RELEASE.jar;D:\Java\maven\repo\io\lettuce\lettuce-core\5.0.5.RELEASE\lettuce-core-5.0.5.RELEASE.jar;D:\Java\maven\repo\io\projectreactor\reactor-core\3.1.9.RELEASE\reactor-core-3.1.9.RELEASE.jar;D:\Java\maven\repo\io\netty\netty-common\4.1.29.Final\netty-common-4.1.29.Final.jar;D:\Java\maven\repo\io\netty\netty-transport\4.1.29.Final\netty-transport-4.1.29.Final.jar;D:\Java\maven\repo\io\netty\netty-buffer\4.1.29.Final\netty-buffer-4.1.29.Final.jar;D:\Java\maven\repo\io\netty\netty-resolver\4.1.29.Final\netty-resolver-4.1.29.Final.jar;D:\Java\maven\repo\io\netty\netty-handler\4.1.29.Final\netty-handler-4.1.29.Final.jar;D:\Java\maven\repo\io\netty\netty-codec\4.1.29.Final\netty-codec-4.1.29.Final.jar;D:\Java\maven\repo\com\fasterxml\jackson\dataformat\jackson-dataformat-xml\2.9.6\jackson-dataformat-xml-2.9.6.jar;D:\Java\maven\repo\com\fasterxml\jackson\core\jackson-core\2.9.6\jackson-core-2.9.6.jar;D:\Java\maven\repo\com\fasterxml\jackson\core\jackson-annotations\2.9.0\jackson-annotations-2.9.0.jar;D:\Java\maven\repo\com\fasterxml\jackson\core\jackson-databind\2.9.6\jackson-databind-2.9.6.jar;D:\Java\maven\repo\com\fasterxml\jackson\module\jackson-module-jaxb-annotations\2.9.6\jackson-module-jaxb-annotations-2.9.6.jar;D:\Java\maven\repo\org\codehaus\woodstox\stax2-api\3.1.4\stax2-api-3.1.4.jar;D:\Java\maven\repo\com\fasterxml\woodstox\woodstox-core\5.0.3\woodstox-core-5.0.3.jar;D:\Java\maven\repo\io\springfox\springfox-swagger2\2.8.0\springfox-swagger2-2.8.0.jar;D:\Java\maven\repo\io\swagger\swagger-annotations\1.5.14\swagger-annotations-1.5.14.jar;D:\Java\maven\repo\io\swagger\swagger-models\1.5.14\swagger-models-1.5.14.jar;D:\Java\maven\repo\io\springfox\springfox-spi\2.8.0\springfox-spi-2.8.0.jar;D:\Java\maven\repo\io\springfox\springfox-core\2.8.0\springfox-core-2.8.0.jar;D:\Java\maven\repo\io\springfox\springfox-schema\2.8.0\springfox-schema-2.8.0.jar;D:\Java\maven\repo\io\springfox\springfox-swagger-common\2.8.0\springfox-swagger-common-2.8.0.jar;D:\Java\maven\repo\io\springfox\springfox-spring-web\2.8.0\springfox-spring-web-2.8.0.jar;D:\Java\maven\repo\org\reflections\reflections\0.9.11\reflections-0.9.11.jar;D:\Java\maven\repo\org\javassist\javassist\3.21.0-GA\javassist-3.21.0-GA.jar;D:\Java\maven\repo\com\google\guava\guava\20.0\guava-20.0.jar;D:\Java\maven\repo\com\fasterxml\classmate\1.3.4\classmate-1.3.4.jar;D:\Java\maven\repo\org\slf4j\slf4j-api\1.7.25\slf4j-api-1.7.25.jar;D:\Java\maven\repo\org\springframework\plugin\spring-plugin-core\1.2.0.RELEASE\spring-plugin-core-1.2.0.RELEASE.jar;D:\Java\maven\repo\org\springframework\spring-beans\5.0.9.RELEASE\spring-beans-5.0.9.RELEASE.jar;D:\Java\maven\repo\org\springframework\plugin\spring-plugin-metadata\1.2.0.RELEASE\spring-plugin-metadata-1.2.0.RELEASE.jar;D:\Java\maven\repo\org\mapstruct\mapstruct\1.2.0.Final\mapstruct-1.2.0.Final.jar;D:\Java\maven\repo\io\springfox\springfox-swagger-ui\2.8.0\springfox-swagger-ui-2.8.0.jar;D:\Java\maven\repo\org\springframework\cloud\spring-cloud-netflix-eureka-client\2.0.0.RELEASE\spring-cloud-netflix-eureka-client-2.0.0.RELEASE.jar;D:\Java\maven\repo\org\projectlombok\lombok\1.16.18\lombok-1.16.18.jar;D:\Java\maven\repo\org\apache\commons\commons-collections4\4.1\commons-collections4-4.1.jar;D:\Java\maven\repo\com\alibaba\fastjson\1.2.39\fastjson-1.2.39.jar;D:\Java\maven\repo\junit\junit\4.12\junit-4.12.jar;D:\Java\maven\repo\org\springframework\boot\spring-boot-starter-web\2.0.5.RELEASE\spring-boot-starter-web-2.0.5.RELEASE.jar;D:\Java\maven\repo\org\springframework\boot\spring-boot-starter-json\2.0.5.RELEASE\spring-boot-starter-json-2.0.5.RELEASE.jar;D:\Java\maven\repo\com\fasterxml\jackson\datatype\jackson-datatype-jdk8\2.9.6\jackson-datatype-jdk8-2.9.6.jar;D:\Java\maven\repo\com\fasterxml\jackson\datatype\jackson-datatype-jsr310\2.9.6\jackson-datatype-jsr310-2.9.6.jar;D:\Java\maven\repo\com\fasterxml\jackson\module\jackson-module-parameter-names\2.9.6\jackson-module-parameter-names-2.9.6.jar;D:\Java\maven\repo\org\springframework\boot\spring-boot-starter-tomcat\2.0.5.RELEASE\spring-boot-starter-tomcat-2.0.5.RELEASE.jar;D:\Java\maven\repo\org\apache\tomcat\embed\tomcat-embed-core\8.5.34\tomcat-embed-core-8.5.34.jar;D:\Java\maven\repo\org\apache\tomcat\embed\tomcat-embed-el\8.5.34\tomcat-embed-el-8.5.34.jar;D:\Java\maven\repo\org\apache\tomcat\embed\tomcat-embed-websocket\8.5.34\tomcat-embed-websocket-8.5.34.jar;D:\Java\maven\repo\org\hibernate\validator\hibernate-validator\6.0.12.Final\hibernate-validator-6.0.12.Final.jar;D:\Java\maven\repo\javax\validation\validation-api\2.0.1.Final\validation-api-2.0.1.Final.jar;D:\Java\maven\repo\org\jboss\logging\jboss-logging\3.3.2.Final\jboss-logging-3.3.2.Final.jar;D:\Java\maven\repo\org\springframework\spring-web\5.0.9.RELEASE\spring-web-5.0.9.RELEASE.jar;D:\Java\maven\repo\org\springframework\spring-webmvc\5.0.9.RELEASE\spring-webmvc-5.0.9.RELEASE.jar;D:\Java\maven\repo\org\springframework\spring-expression\5.0.9.RELEASE\spring-expression-5.0.9.RELEASE.jar;"/>
    <property name="sun.cpu.endian" value="little"/>
    <property name="user.home" value="C:\Users\Administrator"/>
    <property name="user.language" value="zh"/>
    <property name="java.specification.vendor" value="Oracle Corporation"/>
    <property name="java.home" value="D:\Java\jdk1.8\jre"/>
    <property name="basedir" value="D:\IdeaProjects\open-smartcloud\api-gateway"/>
    <property name="file.separator" value="\"/>
    <property name="line.separator" value="&#10;"/>
    <property name="java.vm.specification.vendor" value="Oracle Corporation"/>
    <property name="java.specification.name" value="Java Platform API Specification"/>
    <property name="java.awt.graphicsenv" value="sun.awt.Win32GraphicsEnvironment"/>
    <property name="surefire.real.class.path" value="C:\Users\ADMINI~1\AppData\Local\Temp\surefire357717404565706612\surefirebooter4267606026299814989.jar"/>
    <property name="sun.boot.class.path" value="D:\Java\jdk1.8\jre\lib\resources.jar;D:\Java\jdk1.8\jre\lib\rt.jar;D:\Java\jdk1.8\jre\lib\sunrsasign.jar;D:\Java\jdk1.8\jre\lib\jsse.jar;D:\Java\jdk1.8\jre\lib\jce.jar;D:\Java\jdk1.8\jre\lib\charsets.jar;D:\Java\jdk1.8\jre\lib\jfr.jar;D:\Java\jdk1.8\jre\classes"/>
    <property name="user.script" value=""/>
    <property name="sun.management.compiler" value="HotSpot 64-Bit Tiered Compilers"/>
    <property name="java.runtime.version" value="1.8.0_161-b12"/>
    <property name="user.name" value="Administrator"/>
    <property name="path.separator" value=";"/>
    <property name="os.version" value="10.0"/>
    <property name="java.endorsed.dirs" value="D:\Java\jdk1.8\jre\lib\endorsed"/>
    <property name="java.runtime.name" value="Java(TM) SE Runtime Environment"/>
    <property name="file.encoding" value="GBK"/>
    <property name="java.vm.name" value="Java HotSpot(TM) 64-Bit Server VM"/>
    <property name="localRepository" value="D:\Java\maven\repo"/>
    <property name="java.vendor.url.bug" value="http://bugreport.sun.com/bugreport/"/>
    <property name="java.io.tmpdir" value="C:\Users\ADMINI~1\AppData\Local\Temp\"/>
    <property name="idea.version" value="2017.2.7"/>
    <property name="java.version" value="1.8.0_161"/>
    <property name="user.dir" value="D:\IdeaProjects\open-smartcloud\api-gateway"/>
    <property name="os.arch" value="amd64"/>
    <property name="java.vm.specification.name" value="Java Virtual Machine Specification"/>
    <property name="java.awt.printerjob" value="sun.awt.windows.WPrinterJob"/>
    <property name="sun.os.patch.level" value=""/>
    <property name="java.library.path" value="D:\Java\jdk1.8\jre\bin;C:\Windows\Sun\Java\bin;C:\Windows\system32;C:\Windows;F:\app\Administrator\product\11.2.0\client_1;C:\ProgramData\Oracle\Java\javapath;C:\Windows\system32;C:\Windows;C:\Windows\System32\Wbem;C:\Windows\System32\WindowsPowerShell\v1.0\;C:\Program Files (x86)\NVIDIA Corporation\PhysX\Common;C:\Users\Administrator\.dnx\bin;C:\Program Files\Microsoft DNX\Dnvm\;C:\Program Files\Microsoft SQL Server\120\Tools\Binn\;C:\Program Files\nodejs\;C:\Program Files\dotnet\;C:\Program Files (x86)\dotnet\;C:\Program Files\Microsoft SQL Server\130\Tools\Binn\;C:\Program Files\Microsoft SQL Server\110\DTS\Binn\;C:\Program Files (x86)\Microsoft SQL Server\110\Tools\Binn\;C:\Program Files\Microsoft SQL Server\110\Tools\Binn\;C:\Program Files (x86)\Microsoft SQL Server\110\Tools\Binn\ManagementStudio\;C:\Program Files (x86)\Microsoft Visual Studio 10.0\Common7\IDE\PrivateAssemblies\;C:\Program Files (x86)\Microsoft SQL Server\110\DTS\Binn\;C:\Program Files\TortoiseSVN\bin;D:\tool\gradle-4.6\bin;D:\Java\maven\bin;D:\Program Files\JetBrains\IntelliJ IDEA 2017.2.7\bin;D:\Java\jdk1.8\bin;C:\Program Files\WinRAR;C:\Users\Administrator\.dnx\bin;C:\Users\Administrator\AppData\Local\Microsoft\WindowsApps;C:\Program Files\Microsoft VS Code\bin;D:\node.js\node_global;E:\emgucv-windesktop 3.3.0.2824\bin\x64;E:\emgucv-windesktop 3.3.0.2824\bin\x86;C:\Users\Administrator\AppData\Local\GitHubDesktop\bin;D:\Program Files (x86)\SSH Communications Security\SSH Secure Shell;."/>
    <property name="java.vm.info" value="mixed mode"/>
    <property name="java.vendor" value="Oracle Corporation"/>
    <property name="java.vm.version" value="25.161-b12"/>
    <property name="java.ext.dirs" value="D:\Java\jdk1.8\jre\lib\ext;C:\Windows\Sun\Java\lib\ext"/>
    <property name="sun.io.unicode.encoding" value="UnicodeLittle"/>
    <property name="maven.repo.local" value="D:\Java\maven\repo"/>
    <property name="java.class.version" value="52.0"/>
  </properties>
  <testcase name="contextLoads" classname="com.smartcloud.gate.ApiGatewayApplicationTests" time="0.094"/>
</testsuite>